src/components/crm/CampaignManager.tsx(22,90): error TS6133: 'ConfirmationModal' is declared but its value is never read.
src/components/crm/CampaignManager.tsx(59,12): error TS6133: 'deleteConfirmOpen' is declared but its value is never read.
src/components/crm/CampaignManager.tsx(204,11): error TS6133: 'performDelete' is declared but its value is never read.
src/components/ErrorBoundary.tsx(1,21): error TS1484: 'ErrorInfo' is a type and must be imported using a type-only import when 'verbatimModuleSyntax' is enabled.
src/components/ErrorBoundary.tsx(1,32): error TS1484: 'ReactNode' is a type and must be imported using a type-only import when 'verbatimModuleSyntax' is enabled.
src/components/ErrorBoundary.tsx(74,30): error TS2591: Cannot find name 'process'. Do you need to install type definitions for node? Try `npm i --save-dev @types/node` and then add 'node' to the types field in your tsconfig.
src/components/hospitality/GuestProfileModal.tsx(109,11): error TS6133: 'formatDate' is declared but its value is never read.
src/components/inventory/StockTransferManager.tsx(13,41): error TS6133: 'addWarehouse' is declared but its value is never read.
src/components/inventory/StockTransferManager.tsx(13,55): error TS6133: 'updateWarehouse' is declared but its value is never read.
src/components/inventory/StockTransferManager.tsx(256,73): error TS2345: Argument of type '{ id: string; number: string; sourceWarehouseId: string; targetWarehouseId: string; status: "completed" | "cancelled" | "pending"; responsible: string; reason?: string | undefined; date: string; items: { ...; }[]; }' is not assignable to parameter of type 'SetStateAction<StockTransfer | null>'.
  Property 'createdAt' is missing in type '{ id: string; number: string; sourceWarehouseId: string; targetWarehouseId: string; status: "completed" | "cancelled" | "pending"; responsible: string; reason?: string | undefined; date: string; items: { ...; }[]; }' but required in type 'StockTransfer'.
src/components/invoices/CreateCreditNoteModal.tsx(7,10): error TS6133: 'generateId' is declared but its value is never read.
src/components/invoices/CreditNoteManager.tsx(18,12): error TS6133: 'isLoading' is declared but its value is never read.
src/components/ui/ConfirmationModal.tsx(1,8): error TS6133: 'React' is declared but its value is never read.
src/components/ui/LoadingSpinner.tsx(1,10): error TS1484: 'HTMLAttributes' is a type and must be imported using a type-only import when 'verbatimModuleSyntax' is enabled.
src/hooks/useDebounce.ts(31,48): error TS2503: Cannot find namespace 'NodeJS'.
src/hooks/usePaginatedData.ts(6,11): error TS6196: 'PaginationParams' is declared but never used.
src/hooks/usePaginatedData.ts(73,37): error TS2503: Cannot find namespace 'NodeJS'.
src/stores/useStore.ts(315,25): error TS2353: Object literal may only specify known properties, and 'businessType' does not exist in type 'Partial<{ companyName: string; tradeName: string; nuit: string; phone: string; email: string; address: string; city: string; province: string; country: string; logo: string; ivaRate: number; currency: string; printerType: string; thermalPaperWidth: string; autoPrintReceipt: boolean; }>'.
